[2025-03-13 10:46:34] [INFO]: Firma generada y guardada: ./signed/1741807730221-Manda_RodrigoHernandezVidal_12325.pdf.sig
[2025-03-13 11:24:24] [INFO]: Firma generada y guardada: ./signed/1741807730221-Manda_RodrigoHernandezVidal_12325.pdf.sig
[2025-03-13 11:28:07] [INFO]: Firma generada y guardada: ./signed/1741807730221-Manda_RodrigoHernandezVidal_12325.pdf.sig
[2025-03-13 11:30:53] [INFO]: Firma generada y guardada: ./signed/1741807730221-Manda_RodrigoHernandezVidal_12325.pdf.sig
[2025-03-13 11:31:16] [INFO]: Firma generada y guardada: ./signed/1741807730221-Manda_RodrigoHernandezVidal_12325.pdf.sig
[2025-03-13 11:31:23] [INFO]: Firma generada y guardada: ./signed/1741807730221-Manda_RodrigoHernandezVidal_12325.pdf.sig
[2025-03-13 11:31:51] [INFO]: Firma generada y guardada: ./signed/1741807730221-Manda_RodrigoHernandezVidal_12325.pdf.sig
[2025-03-13 11:38:26] [INFO]: Firma generada y guardada: ./signed/1741807730221-Manda_RodrigoHernandezVidal_12325.pdf.sig
[2025-03-13 11:39:14] [INFO]: Firma generada y guardada: ./signed/1741807730221-Manda_RodrigoHernandezVidal_12325.pdf.sig
[2025-03-13 11:40:00] [INFO]: Firma generada y guardada: ./signed/1741807730221-Manda_RodrigoHernandezVidal_12325.pdf.sig
[2025-03-13 11:40:30] [INFO]: Firma generada y guardada: ./signed/1741807730221-Manda_RodrigoHernandezVidal_12325.pdf.sig
[2025-03-13 11:49:04] [INFO]: Firma generada y guardada: ./signed/1741807730221-Manda_RodrigoHernandezVidal_12325.pdf.sig
[2025-03-13 11:49:05] [INFO]: Firma generada y guardada: ./signed/1741807730221-Manda_RodrigoHernandezVidal_12325.pdf.sig
[2025-03-13 11:49:05] [INFO]: Firma generada y guardada: ./signed/1741807730221-Manda_RodrigoHernandezVidal_12325.pdf.sig
[2025-03-13 11:49:05] [INFO]: Firma generada y guardada: ./signed/1741807730221-Manda_RodrigoHernandezVidal_12325.pdf.sig
[2025-03-13 11:51:17] [INFO]: Firma generada y guardada: ./signed/1741807730221-Manda_RodrigoHernandezVidal_12325.pdf.sig
[2025-03-13 11:53:40] [INFO]: Firma generada y guardada: ./signed/1741807730221-Manda_RodrigoHernandezVidal_12325.pdf.sig
[2025-03-13 12:04:38] [INFO]: Firma generada y guardada: ./signed/1741807730221-Manda_RodrigoHernandezVidal_12325.pdf.sig
[2025-03-13 12:15:27] [INFO]: Firma generada y guardada: ./signed/1741807730221-Manda_RodrigoHernandezVidal_12325.pdf.sig
[2025-03-13 12:19:44] [INFO]: Firma generada y guardada: ./signed/1741807730221-Manda_RodrigoHernandezVidal_12325.pdf.sig
[2025-03-13 12:47:08] [INFO]: Firma generada y guardada: ./signed/1741880771008-Manda_Rodrigo_Hernandez_Vidal_13325.pdf.sig
[2025-03-13 14:31:29] [INFO]: Firma generada y guardada: ./signed/1741887062214_Manda_Rodrigo_Hernandez_Vidal_13325.pdf.sig
[2025-03-13 14:34:28] [INFO]: Firma generada y guardada: ./signed/1741887062214_Manda_Rodrigo_Hernandez_Vidal_13325.pdf.sig
[2025-03-13 14:35:24] [INFO]: Firma generada y guardada: ./signed/1741887062214_Manda_Rodrigo_Hernandez_Vidal_13325.pdf.sig
[2025-03-13 14:40:07] [INFO]: Firma generada y guardada: ./signed/1741887062214_Manda_Rodrigo_Hernandez_Vidal_13325.pdf.sig
[2025-03-13 15:03:54] [INFO]: Firma generada y guardada: ./signed/1741887062214_Manda_Rodrigo_Hernandez_Vidal_13325.pdf.sig
[2025-03-13 15:10:54] [INFO]: Firma generada y guardada: ./signed/1741889442670_Manda_Rodrigo_Hernandez_Vidal_13325.pdf.sig
[2025-03-13 16:10:43] [INFO]: Firma generada y guardada: ./signed/1741892965935_Manda_Rodrigo_Hernandez_Vidal_13325.pdf.sig
[2025-03-13 16:38:31] [INFO]: Firma generada y guardada: ./signed/1741894665737_Manda_Rodrigo_Hernandez_Vidal_13325.pdf.sig
[2025-03-13 16:38:40] [ERROR]: Error en la firma de 1741894665737_Manda_Rodrigo_Hernandez_Vidal_13325.pdf: El archivo 1741894665737_Manda_Rodrigo_Hernandez_Vidal_13325.pdf no existe.
[2025-03-13 16:38:40] [ERROR]: Error en la firma del documento: Cannot set headers after they are sent to the client
[2025-03-13 16:38:41] [ERROR]: Error en la firma de 1741894665737_Manda_Rodrigo_Hernandez_Vidal_13325.pdf: El archivo 1741894665737_Manda_Rodrigo_Hernandez_Vidal_13325.pdf no existe.
[2025-03-13 16:38:41] [ERROR]: Error en la firma del documento: Cannot set headers after they are sent to the client
[2025-03-13 16:38:43] [INFO]: Firma generada y guardada: ./signed/1741894665737_Contr_Rodrigo_Hernandez_Vidal_13325.pdf.sig
[2025-03-13 16:38:49] [INFO]: Firma generada y guardada: ./signed/1741894665737_Cotiz_Rodrigo_Hernandez_Vidal_13325.pdf.sig
[2025-03-13 16:38:53] [INFO]: Firma generada y guardada: ./signed/1741894665738_test.pdf.sig
[2025-03-13 16:39:45] [INFO]: Firma generada y guardada: ./signed/1741894776713_Manda_Rodrigo_Hernandez_Vidal_13325.pdf.sig
[2025-03-14 09:56:21] [INFO]: Firma generada y guardada: ./signed/1741956197105_Manda_Rodrigo_Hernandez_Vidal_14325.pdf.sig
[2025-03-14 09:59:14] [INFO]: Firma generada y guardada: ./signed/1741957139594_Manda_LBO_Abogados_14325.pdf.sig
[2025-03-14 10:42:05] [INFO]: Firma generada y guardada: ./signed/1741957404038_Manda_Rodrigo_Hernandez_Vidal_14325.pdf.sig
[2025-03-17 10:17:48] [INFO]: Firma generada y guardada: ./signed/1742216057182_test.pdf.sig
[2025-03-17 11:38:15] [INFO]: Firma generada y guardada: ./signed/1742216057182_Manda_Rodrigo_Hernandez_Vidal_17325.pdf.sig
[2025-03-17 11:39:48] [INFO]: Firma generada y guardada: ./signed/1742222379307_Manda_Rodrigo_Hernandez_Vidal_17325.pdf.sig
[2025-03-17 11:43:39] [INFO]: Firma generada y guardada: ./signed/1742222613463_Manda_Rodrigo_Hernandez_Vidal_17325.pdf.sig
[2025-03-17 11:53:58] [INFO]: Firma generada y guardada: ./signed/1742223231396_Manda_Rodrigo_Hernandez_Vidal_17325.pdf.sig
[2025-03-20 09:02:10] [INFO]: Firma generada y guardada: ./signed/1742386085706_Manda_Rodrigo_Hernandez_Vidal_19325.pdf.sig
[2025-03-20 09:44:57] [INFO]: Firma generada y guardada: ./signed/1742472155798_Manda_Foog_Technology_20325.pdf.sig
[2025-03-20 10:52:50] [INFO]: Firma generada y guardada: ./signed/1742478728303_Manda_Foog_Technology_20325.pdf.sig
[2025-03-20 10:54:33] [INFO]: Firma generada y guardada: ./signed/1742478846369_Cotiz_Foog_Technology_20325.pdf.sig
[2025-03-20 10:55:12] [INFO]: Firma generada y guardada: ./signed/1742478846369_Contr_Foog_Technology_20325.pdf.sig
[2025-03-21 10:29:37] [INFO]: Firma generada y guardada: ./signed/1742562809568_Contr_Rodrigo_Hernandez_Vidal_21325.pdf.sig
[2025-03-21 10:29:37] [INFO]: Archivo 1742562809568_Contr_Rodrigo_Hernandez_Vidal_21325.pdf eliminado de la carpeta uploads.
[2025-03-21 10:29:37] [ERROR]: Error al descargar el archivo: Can't set headers after they are sent.
[2025-03-21 10:29:37] [INFO]: Imagen temporal eliminada: 1.jpg
[2025-03-21 10:29:37] [INFO]: Archivo QR temporal eliminado: ./signed/qrcode_1742562809568_Contr_Rodrigo_Hernandez_Vidal_21325.pdf.png
[2025-03-21 10:32:46] [INFO]: Firma generada y guardada: ./signed/1742560564808_Manda_Rodrigo_Hernandez_Vidal_21325.pdf.sig
[2025-03-21 10:32:46] [INFO]: Archivo 1742560564808_Manda_Rodrigo_Hernandez_Vidal_21325.pdf eliminado de la carpeta uploads.
[2025-03-21 10:32:46] [ERROR]: Error al descargar el archivo: Can't set headers after they are sent.
[2025-03-21 10:32:46] [INFO]: Imagen temporal eliminada: 1.jpg
[2025-03-21 10:32:46] [INFO]: Archivo QR temporal eliminado: ./signed/qrcode_1742560564808_Manda_Rodrigo_Hernandez_Vidal_21325.pdf.png
[2025-03-21 11:19:44] [INFO]: Firma generada y guardada: ./signed/1742566765003_Manda_Rodrigo_Hernandez_Vidal_21325.pdf.sig
[2025-03-21 12:11:50] [ERROR]: Error en la firma de 1742569888085_Manda_Rodrigo_Hernandez_Vidal_21325.pdf: El archivo 1742569888085_Manda_Rodrigo_Hernandez_Vidal_21325.pdf no existe en la carpeta uploads.
[2025-03-21 12:11:55] [ERROR]: Error en la firma de 1742569888085_Manda_Rodrigo_Hernandez_Vidal_21325.pdf: El archivo 1742569888085_Manda_Rodrigo_Hernandez_Vidal_21325.pdf no existe en la carpeta uploads.
[2025-03-21 12:12:48] [ERROR]: Error en la firma de 1742569888085_Manda_Rodrigo_Hernandez_Vidal_21325.pdf: El archivo 1742569888085_Manda_Rodrigo_Hernandez_Vidal_21325.pdf no existe en la carpeta uploads.
[2025-03-21 12:13:50] [ERROR]: Error en la firma de 1742569888085_Manda_Rodrigo_Hernandez_Vidal_21325.pdf: El archivo 1742569888085_Manda_Rodrigo_Hernandez_Vidal_21325.pdf no existe en la carpeta uploads.
[2025-03-21 12:29:36] [ERROR]: Error en la firma de 1742569888085_Manda_Rodrigo_Hernandez_Vidal_21325.pdf: El archivo 1742569888085_Manda_Rodrigo_Hernandez_Vidal_21325.pdf no existe en la carpeta uploads.
[2025-03-21 13:06:40] [ERROR]: Error en la firma de 1742573184496_Manda_Rodrigo_Hernandez_Vidal_21325.pdf: El archivo 1742573184496_Manda_Rodrigo_Hernandez_Vidal_21325.pdf no existe en la carpeta uploads.
[2025-03-21 13:22:13] [ERROR]: Error en la firma de 1742573184496_Manda_Rodrigo_Hernandez_Vidal_21325.pdf: El archivo 1742573184496_Manda_Rodrigo_Hernandez_Vidal_21325.pdf no existe en la carpeta uploads.
[2025-03-21 13:26:21] [ERROR]: Error en la firma de 1742573184496_Manda_Rodrigo_Hernandez_Vidal_21325.pdf: El archivo 1742573184496_Manda_Rodrigo_Hernandez_Vidal_21325.pdf no existe en la carpeta uploads.
[2025-03-21 13:27:45] [ERROR]: Error en la firma de 1742573184496_Manda_Rodrigo_Hernandez_Vidal_21325.pdf: El archivo 1742573184496_Manda_Rodrigo_Hernandez_Vidal_21325.pdf no existe en la carpeta uploads.
[2025-03-21 13:56:31] [ERROR]: Error en la firma de 1742573184496_Manda_Rodrigo_Hernandez_Vidal_21325.pdf: El archivo 1742573184496_Manda_Rodrigo_Hernandez_Vidal_21325.pdf no existe en la carpeta uploads.
[2025-03-21 13:57:09] [ERROR]: Error en la firma de 1742573184496_Manda_Rodrigo_Hernandez_Vidal_21325.pdf: El archivo 1742573184496_Manda_Rodrigo_Hernandez_Vidal_21325.pdf no existe en la carpeta uploads.
[2025-03-21 13:58:54] [ERROR]: Error en la firma de 1742573184496_Manda_Rodrigo_Hernandez_Vidal_21325.pdf: El archivo 1742573184496_Manda_Rodrigo_Hernandez_Vidal_21325.pdf no existe en la carpeta uploads.
[2025-03-24 08:40:56] [ERROR]: Error en la firma de 1742573184496_Manda_Rodrigo_Hernandez_Vidal_21325.pdf: El archivo 1742573184496_Manda_Rodrigo_Hernandez_Vidal_21325.pdf no existe en la carpeta uploads.
[2025-03-24 08:47:36] [ERROR]: Error en la firma de 1742573184496_Manda_Rodrigo_Hernandez_Vidal_21325.pdf: El archivo 1742573184496_Manda_Rodrigo_Hernandez_Vidal_21325.pdf no existe en la carpeta uploads.
[2025-03-24 09:08:53] [ERROR]: Error en la firma de 1742573184496_Manda_Rodrigo_Hernandez_Vidal_21325.pdf: ENOENT: no such file or directory, open '/Users/rodrigohernandez/Desktop/Desarrollo_React/lbo_doc_back/services/signed/1742573184496_Manda_Rodrigo_Hernandez_Vidal_21325.pdf.sig'
[2025-03-24 09:14:22] [ERROR]: Error en la firma de 1742573184496_Manda_Rodrigo_Hernandez_Vidal_21325.pdf: ENOENT: no such file or directory, open '/Users/rodrigohernandez/Desktop/Desarrollo_React/lbo_doc_back/services/signed/1742573184496_Manda_Rodrigo_Hernandez_Vidal_21325.pdf.sig'
[2025-03-24 09:15:59] [INFO]: Firma generada y guardada: /Users/rodrigohernandez/Desktop/Desarrollo_React/lbo_doc_back/signed/1742573184496_Manda_Rodrigo_Hernandez_Vidal_21325.pdf.sig
[2025-03-24 09:16:00] [INFO]: Archivo 1742573184496_Manda_Rodrigo_Hernandez_Vidal_21325.pdf eliminado de la carpeta uploads.
[2025-03-24 09:16:00] [INFO]: Imagen temporal eliminada: 1.jpg
[2025-03-24 09:16:00] [INFO]: Archivo QR temporal eliminado: /Users/rodrigohernandez/Desktop/Desarrollo_React/lbo_doc_back/signed/qrcode_1742573184496_Manda_Rodrigo_Hernandez_Vidal_21325.pdf.png
[2025-03-24 09:22:33] [INFO]: Firma generada y guardada: /Users/rodrigohernandez/Desktop/Desarrollo_React/lbo_doc_back/signed/1742818705790_Manda_LBO_Abogados_24325.pdf.sig
[2025-03-24 09:22:34] [INFO]: Archivo 1742818705790_Manda_LBO_Abogados_24325.pdf eliminado de la carpeta uploads.
[2025-03-24 09:22:34] [INFO]: Imagen temporal eliminada: 1.jpg
[2025-03-24 09:22:34] [INFO]: Archivo QR temporal eliminado: /Users/rodrigohernandez/Desktop/Desarrollo_React/lbo_doc_back/signed/qrcode_1742818705790_Manda_LBO_Abogados_24325.pdf.png
[2025-03-24 09:22:44] [ERROR]: Error en la firma de 1742818705790_Manda_LBO_Abogados_24325.pdf: El archivo 1742818705790_Manda_LBO_Abogados_24325.pdf no existe en la carpeta uploads.
[2025-03-24 10:22:59] [INFO]: Firma generada y guardada: /Users/rodrigohernandez/Desktop/Desarrollo_React/lbo_doc_back/signed/1742822531478_Manda_Rodrigo_Hernandez_Vidal_24325.pdf.sig
[2025-03-24 10:22:59] [INFO]: Archivo 1742822531478_Manda_Rodrigo_Hernandez_Vidal_24325.pdf eliminado de la carpeta uploads.
[2025-03-24 10:22:59] [INFO]: Imagen temporal eliminada: 1.jpg
[2025-03-24 10:22:59] [INFO]: Archivo QR temporal eliminado: /Users/rodrigohernandez/Desktop/Desarrollo_React/lbo_doc_back/signed/qrcode_1742822531478_Manda_Rodrigo_Hernandez_Vidal_24325.pdf.png
[2025-03-24 10:23:30] [INFO]: Firma generada y guardada: /Users/rodrigohernandez/Desktop/Desarrollo_React/lbo_doc_back/signed/1742821784029_Manda_Rodrigo_Hernandez_Vidal_24325.pdf.sig
[2025-03-24 10:23:30] [INFO]: Archivo 1742821784029_Manda_Rodrigo_Hernandez_Vidal_24325.pdf eliminado de la carpeta uploads.
[2025-03-24 10:23:30] [INFO]: Imagen temporal eliminada: 1.jpg
[2025-03-24 10:23:30] [INFO]: Archivo QR temporal eliminado: /Users/rodrigohernandez/Desktop/Desarrollo_React/lbo_doc_back/signed/qrcode_1742821784029_Manda_Rodrigo_Hernandez_Vidal_24325.pdf.png
[2025-03-24 10:25:41] [INFO]: Firma generada y guardada: /Users/rodrigohernandez/Desktop/Desarrollo_React/lbo_doc_back/signed/1742822678286_Manda_Rodrigo_Hernandez_Vidal_24325.pdf.sig
[2025-03-24 10:25:41] [INFO]: Archivo 1742822678286_Manda_Rodrigo_Hernandez_Vidal_24325.pdf eliminado de la carpeta uploads.
[2025-03-24 10:25:41] [INFO]: Imagen temporal eliminada: 1.jpg
[2025-03-24 10:25:41] [INFO]: Archivo QR temporal eliminado: /Users/rodrigohernandez/Desktop/Desarrollo_React/lbo_doc_back/signed/qrcode_1742822678286_Manda_Rodrigo_Hernandez_Vidal_24325.pdf.png
[2025-03-24 10:54:22] [INFO]: Firma generada y guardada: /Users/rodrigohernandez/Desktop/Desarrollo_React/lbo_doc_back/signed/1742824443521_Manda_Rodrigo_Hernandez_Vidal_24325.pdf.sig
[2025-03-24 10:57:59] [INFO]: Firma generada y guardada: /Users/rodrigohernandez/Desktop/Desarrollo_React/lbo_doc_back/signed/1742824630687_Manda_Rodrigo_Hernandez_Vidal_24325.pdf.sig
[2025-03-24 11:07:01] [INFO]: Firma generada y guardada: /Users/rodrigohernandez/Desktop/Desarrollo_React/lbo_doc_back/signed/1742825210493_Manda_Rodrigo_Hernandez_Vidal_24325.pdf.sig
[2025-03-24 11:08:10] [INFO]: Firma generada y guardada: /Users/rodrigohernandez/Desktop/Desarrollo_React/lbo_doc_back/signed/1742825282180_Manda_LBO_Abogados_24325.pdf.sig
[2025-03-24 11:12:42] [INFO]: Firma generada y guardada: /Users/rodrigohernandez/Desktop/Desarrollo_React/lbo_doc_back/signed/1742825375815_Manda_Rodrigo_Hernandez_Vidal_24325.pdf.sig
[2025-03-24 11:16:02] [INFO]: Firma generada y guardada: /Users/rodrigohernandez/Desktop/Desarrollo_React/lbo_doc_back/signed/1742825738730_Manda_Rodrigo_Hernandez_Vidal_24325.pdf.sig
